<?xml version="1.0" encoding="UTF-8"?>
<testng-results ignored="0" total="1" passed="1" failed="0" skipped="0">
  <reporter-output>
  </reporter-output>
  <suite started-at="2026-03-26T09:29:51 IST" name="Default suite" finished-at="2026-03-26T09:29:51 IST" duration-ms="163">
    <groups>
    </groups>
    <test started-at="2026-03-26T09:29:51 IST" name="Default test" finished-at="2026-03-26T09:29:51 IST" duration-ms="163">
      <class name="tesngpack.NewTest">
        <test-method is-config="true" signature="beforeMethod()[pri:0, instance:tesngpack.NewTest@408d971b]" started-at="2026-03-26T09:29:51 IST" name="beforeMethod" finished-at="2026-03-26T09:29:51 IST" duration-ms="16" status="PASS">
          <reporter-output>
          </reporter-output>
        </test-method> <!-- beforeMethod -->
        <test-method signature="f()[pri:0, instance:tesngpack.NewTest@408d971b]" started-at="2026-03-26T09:29:51 IST" name="f" finished-at="2026-03-26T09:29:51 IST" duration-ms="36" status="PASS">
          <reporter-output>
          </reporter-output>
        </test-method> <!-- f -->
        <test-method is-config="true" signature="afterMethod()[pri:0, instance:tesngpack.NewTest@408d971b]" started-at="2026-03-26T09:29:51 IST" name="afterMethod" finished-at="2026-03-26T09:29:51 IST" duration-ms="6" status="PASS">
          <reporter-output>
          </reporter-output>
        </test-method> <!-- afterMethod -->
      </class> <!-- tesngpack.NewTest -->
    </test> <!-- Default test -->
  </suite> <!-- Default suite -->
</testng-results>
