<?xml version="1.0" encoding="UTF-8"?>
<testng-results ignored="0" total="1" passed="1" failed="0" skipped="0">
  <reporter-output>
  </reporter-output>
  <suite started-at="2026-04-27T10:41:02 IST" name="Default suite" finished-at="2026-04-27T10:41:02 IST" duration-ms="156">
    <groups>
    </groups>
    <test started-at="2026-04-27T10:41:02 IST" name="Default test" finished-at="2026-04-27T10:41:02 IST" duration-ms="156">
      <class name="tesngpack.DemoTest">
        <test-method is-config="true" signature="beforeTest()[pri:0, instance:tesngpack.DemoTest@3857f613]" started-at="2026-04-27T10:41:02 IST" name="beforeTest" finished-at="2026-04-27T10:41:02 IST" duration-ms="17" status="PASS">
          <reporter-output>
          </reporter-output>
        </test-method> <!-- beforeTest -->
        <test-method is-config="true" signature="beforeMethod()[pri:0, instance:tesngpack.DemoTest@3857f613]" started-at="2026-04-27T10:41:02 IST" name="beforeMethod" finished-at="2026-04-27T10:41:02 IST" duration-ms="3" status="PASS">
          <reporter-output>
          </reporter-output>
        </test-method> <!-- beforeMethod -->
        <test-method signature="f()[pri:0, instance:tesngpack.DemoTest@3857f613]" started-at="2026-04-27T10:41:02 IST" name="f" finished-at="2026-04-27T10:41:02 IST" duration-ms="27" status="PASS">
          <reporter-output>
          </reporter-output>
        </test-method> <!-- f -->
        <test-method is-config="true" signature="afterMethod()[pri:0, instance:tesngpack.DemoTest@3857f613]" started-at="2026-04-27T10:41:02 IST" name="afterMethod" finished-at="2026-04-27T10:41:02 IST" duration-ms="1" status="PASS">
          <reporter-output>
          </reporter-output>
        </test-method> <!-- afterMethod -->
        <test-method is-config="true" signature="afterTest()[pri:0, instance:tesngpack.DemoTest@3857f613]" started-at="2026-04-27T10:41:02 IST" name="afterTest" finished-at="2026-04-27T10:41:02 IST" duration-ms="1" status="PASS">
          <reporter-output>
          </reporter-output>
        </test-method> <!-- afterTest -->
      </class> <!-- tesngpack.DemoTest -->
    </test> <!-- Default test -->
  </suite> <!-- Default suite -->
</testng-results>
